<?xml version="1.0" encoding="UTF-8"?>
<!-- Generated by org.testng.reporters.JUnitReportReporter -->
<testsuite hostname="Borovik-MSI" name="com.ImportHeadlineFromTalentProfileToContact" tests="1" failures="0" timestamp="24 Aug 2016 13:17:07 GMT" time="129.303" errors="0">
  <testcase name="importHeadlineFromTalentProfileToContact" time="129.303" classname="com.ImportHeadlineFromTalentProfileToContact"/>
</testsuite> <!-- com.ImportHeadlineFromTalentProfileToContact -->
