<?xml version="1.0" encoding="UTF-8"?>
<!-- Generated by org.testng.reporters.JUnitReportReporter -->
<testsuite hostname="Borovik-MSI" name="com.Test01" tests="1" failures="0" timestamp="5 Aug 2016 14:34:17 GMT" time="74.215" errors="0">
  <testcase name="test01" time="74.215" classname="com.Test01"/>
</testsuite> <!-- com.Test01 -->
