<?xml version="1.0" encoding="UTF-8"?>
<!-- Generated by org.testng.reporters.JUnitReportReporter -->
<testsuite hostname="borovik" name="com.TestZZ" tests="1" failures="0" timestamp="7 Aug 2015 09:52:31 GMT" time="61.440" errors="0">
  <testcase name="addTaskToQueue" time="61.440" classname="com.TestZZ"/>
</testsuite> <!-- com.TestZZ -->
