<?xml version="1.0" encoding="UTF-8"?>
<!-- Generated by org.testng.reporters.JUnitReportReporter -->
<testsuite hostname="Borovik-MSI" name="com.AutoPipelining" tests="1" failures="0" timestamp="22 Aug 2016 14:42:08 GMT" time="97.823" errors="0">
  <testcase name="autoPipelining" time="97.823" classname="com.AutoPipelining"/>
</testsuite> <!-- com.AutoPipelining -->
