<?xml version="1.0" encoding="UTF-8"?>
<!-- Generated by org.testng.reporters.JUnitReportReporter -->
<testsuite hostname="Borovik-MSI" name="com.CopyingApplicationDataToTalentProfile" tests="1" failures="0" timestamp="24 Aug 2016 14:01:13 GMT" time="134.347" errors="0">
  <testcase name="copyingApplicationDataToTalentProfile" time="134.347" classname="com.CopyingApplicationDataToTalentProfile"/>
</testsuite> <!-- com.CopyingApplicationDataToTalentProfile -->
