<?xml version="1.0" encoding="UTF-8"?>
<!-- Generated by org.testng.reporters.JUnitReportReporter -->
<testsuite hostname="Borovik-MSI" name="com.ImportingNotesFromQuickSave" tests="1" failures="0" timestamp="22 Aug 2016 15:24:47 GMT" time="117.834" errors="0">
  <testcase name="importingNotesFromQuickSave" time="117.834" classname="com.ImportingNotesFromQuickSave"/>
</testsuite> <!-- com.ImportingNotesFromQuickSave -->
