<?xml version="1.0" encoding="UTF-8"?>
<!-- Generated by org.testng.reporters.JUnitReportReporter -->
<testsuite hostname="Borovik-MSI" name="com.ImportSkillsToContact" tests="1" failures="0" timestamp="23 Aug 2016 12:45:44 GMT" time="123.472" errors="0">
  <testcase name="importSkillsToContact" time="123.472" classname="com.ImportSkillsToContact"/>
</testsuite> <!-- com.ImportSkillsToContact -->
