<?xml version="1.0" encoding="UTF-8"?>
<!-- Generated by org.testng.reporters.JUnitReportReporter -->
<testsuite hostname="Borovik-MSI" name="com.TaskCreationHiringManager" tests="1" failures="0" timestamp="23 Aug 2016 10:37:21 GMT" time="123.596" errors="0">
  <testcase name="taskCreationHiringManager" time="123.596" classname="com.TaskCreationHiringManager"/>
</testsuite> <!-- com.TaskCreationHiringManager -->
