<?xml version="1.0" encoding="UTF-8"?>
<!-- Generated by org.testng.reporters.JUnitReportReporter -->
<testsuite hostname="Borovik-MSI" name="com.AutoTargeting" tests="1" failures="0" timestamp="18 Aug 2016 15:03:14 GMT" time="108.047" errors="0">
  <testcase name="autoTargeting" time="108.047" classname="com.AutoTargeting"/>
</testsuite> <!-- com.AutoTargeting -->
