<?xml version="1.0" encoding="UTF-8"?>
<!-- Generated by org.testng.reporters.JUnitReportReporter -->
<testsuite hostname="Borovik-MSI" name="com.ImportTargetedRolesToContact" tests="1" failures="0" timestamp="23 Aug 2016 13:02:43 GMT" time="123.416" errors="0">
  <testcase name="importTargetedRolesToContact" time="123.416" classname="com.ImportTargetedRolesToContact"/>
</testsuite> <!-- com.ImportTargetedRolesToContact -->
