<?xml version="1.0" encoding="UTF-8"?>
<!-- Generated by org.testng.reporters.JUnitReportReporter -->
<testsuite hostname="borovik" name="com.Test03" tests="1" failures="0" timestamp="7 Sep 2015 09:17:16 GMT" time="176.828" errors="0">
  <testcase name="callBackQueueing" time="176.828" classname="com.Test03"/>
</testsuite> <!-- com.Test03 -->
