<?xml version="1.0" encoding="UTF-8"?>
<!-- Generated by org.testng.reporters.JUnitReportReporter -->
<testsuite hostname="MSI" name="com.Cleanup" tests="1" failures="0" timestamp="5 Oct 2015 09:00:05 GMT" time="48.447" errors="0">
  <testcase name="cleanup" time="48.447" classname="com.Cleanup"/>
</testsuite> <!-- com.Cleanup -->
