<?xml version="1.0" encoding="UTF-8"?>
<!-- Generated by org.testng.reporters.JUnitReportReporter -->
<testsuite hostname="Borovik-MSI" name="com.ImportEducationHistoryToContact" tests="1" failures="0" timestamp="23 Aug 2016 13:19:27 GMT" time="99.826" errors="0">
  <testcase name="importEducationHistoryToContact" time="99.826" classname="com.ImportEducationHistoryToContact"/>
</testsuite> <!-- com.ImportEducationHistoryToContact -->
