<?xml version="1.0" encoding="UTF-8"?>
<!-- Generated by org.testng.reporters.JUnitReportReporter -->
<testsuite hostname="Borovik-MSI" name="com.EmploymentChanged" tests="1" failures="0" timestamp="23 Aug 2016 13:34:07 GMT" time="109.140" errors="0">
  <testcase name="employmentChanged" time="109.140" classname="com.EmploymentChanged"/>
</testsuite> <!-- com.EmploymentChanged -->
