<?xml version="1.0" encoding="UTF-8"?>
<!-- Generated by org.testng.reporters.JUnitReportReporter -->
<testsuite hostname="Borovik-MSI" name="com.CreateTaskForProjectOwnerOnResponse" tests="1" failures="0" timestamp="18 Aug 2016 13:33:50 GMT" time="128.192" errors="0">
  <testcase name="сreateTaskForProjectOwnerOnResponse" time="128.192" classname="com.CreateTaskForProjectOwnerOnResponse"/>
</testsuite> <!-- com.CreateTaskForProjectOwnerOnResponse -->
